<?xml version="1.0" encoding="UTF-8"?>
<!-- Generated by org.testng.reporters.JUnitReportReporter -->
<testsuite hostname="DESKTOP-8QVPJ0I" failures="0" tests="1" name="com.ExtentReports.Cimply" time="8.079" errors="0" timestamp="2025-01-22T11:39:20 IST" skipped="0">
  <testcase classname="com.ExtentReports.Cimply" name="screen" time="8.079"/>
  <system-out/>
</testsuite> <!-- com.ExtentReports.Cimply -->
