<?xml version="1.0" encoding="UTF-8"?>
<!-- Generated by org.testng.reporters.JUnitReportReporter -->
<testsuite hostname="DESKTOP-8QVPJ0I" failures="0" tests="1" name="com.ExtentReports.ToAddScreenshotIntoReport" time="10.172" errors="0" timestamp="2025-01-22T11:31:37 IST" skipped="0">
  <testcase classname="com.ExtentReports.ToAddScreenshotIntoReport" name="addScreenshot" time="10.172"/>
  <system-out/>
</testsuite> <!-- com.ExtentReports.ToAddScreenshotIntoReport -->
