<?xml version="1.0" encoding="UTF-8"?>
<!-- Generated by org.testng.reporters.JUnitReportReporter -->
<testsuite hostname="DESKTOP-8QVPJ0I" failures="0" tests="1" name="com.ExtentReports.ScreenShotaddingtoreportAssign22012025" time="8.364" errors="0" timestamp="2025-01-22T17:12:32 IST" skipped="0">
  <testcase classname="com.ExtentReports.ScreenShotaddingtoreportAssign22012025" name="screesnhotintoreport" time="8.364"/>
  <system-out/>
</testsuite> <!-- com.ExtentReports.ScreenShotaddingtoreportAssign22012025 -->
