<?xml version="1.0" encoding="UTF-8"?>
<!-- Generated by org.testng.reporters.JUnitReportReporter -->
<testsuite hostname="DESKTOP-8QVPJ0I" failures="0" tests="1" name="com.MavenParametertest.MavenParameterTest" time="0.067" errors="0" timestamp="2025-01-21T10:29:11 IST" skipped="0">
  <testcase classname="com.MavenParametertest.MavenParameterTest" name="launch" time="0.067"/>
  <system-out>
    <![CDATA[null]]>
  </system-out>
</testsuite> <!-- com.MavenParametertest.MavenParameterTest -->
