<?xml version="1.0" encoding="UTF-8"?>
<!-- Generated by org.testng.reporters.JUnitReportReporter -->
<testsuite hostname="DESKTOP-8QVPJ0I" failures="0" tests="1" name="com.demo.SampleTest" time="0.038" errors="0" timestamp="2025-01-17T11:53:15 IST" skipped="0">
  <testcase classname="com.demo.SampleTest" name="launch" time="0.038"/>
  <system-out>
    <![CDATA[Test executed]]>
  </system-out>
</testsuite> <!-- com.demo.SampleTest -->
