<?xml version="1.0" encoding="UTF-8"?>
<!-- Generated by org.testng.reporters.JUnitReportReporter -->
<testsuite hostname="DESKTOP-8QVPJ0I" failures="0" tests="1" name="com.Bikes.HondaTest" time="13.122" errors="0" timestamp="2025-01-17T21:14:51 IST" skipped="0">
  <testcase classname="com.Bikes.HondaTest" name="launch" time="13.122"/>
  <system-out>
    <![CDATA[https://www.honda2wheelersindia.com/Honda | Honda]]>
  </system-out>
</testsuite> <!-- com.Bikes.HondaTest -->
