<?xml version="1.0" encoding="UTF-8"?>
<!-- Generated by org.testng.reporters.JUnitReportReporter -->
<testsuite hostname="DESKTOP-8QVPJ0I" failures="0" tests="1" name="com.demo.Sample" time="0.030" errors="0" timestamp="2025-01-17T11:46:58 IST" skipped="0">
  <testcase classname="com.demo.Sample" name="launch" time="0.030"/>
  <system-out>
    <![CDATA[Sample class executed]]>
  </system-out>
</testsuite> <!-- com.demo.Sample -->
