<?xml version="1.0" encoding="UTF-8"?>
<!-- Generated by org.testng.reporters.JUnitReportReporter -->
<testsuite hostname="DESKTOP-8QVPJ0I" failures="0" tests="1" name="com.ExtentReports.LearnExtentReport" time="0.690" errors="0" timestamp="2025-01-22T11:07:43 IST" skipped="0">
  <testcase classname="com.ExtentReports.LearnExtentReport" name="createReport" time="0.690"/>
  <system-out/>
</testsuite> <!-- com.ExtentReports.LearnExtentReport -->
